--------------------
./configure --help
Wed Apr 26 23:08:48 EDT 2017
usage:
  configure [--const] [--zprefix] [--prefix=PREFIX]  [--eprefix=EXPREFIX]
    [--static] [--64] [--libdir=LIBDIR] [--sharedlibdir=LIBDIR]
    [--includedir=INCLUDEDIR] [--archs="-arch i386 -arch x86_64"]
--------------------
./configure --static
Wed Apr 26 23:08:52 EDT 2017
Checking for gcc...
=== ztest13026.c ===
extern int getchar();
int hello() {return getchar();}
===
gcc -c ztest13026.c
... using gcc

Checking for obsessive-compulsive compiler options...
=== ztest13026.c ===
int foo() { return 0; }
===
gcc -c -O3 ztest13026.c

Building static library libz.a version 1.2.11 with gcc.

=== ztest13026.c ===
#include <stdio.h>
#include <stdlib.h>
size_t dummy = 0;
===
gcc -c -O3 ztest13026.c
Checking for size_t... Yes.


=== ztest13026.c ===
#include <sys/types.h>
off64_t dummy = 0;
===
gcc -c -O3 -D_LARGEFILE64_SOURCE=1 ztest13026.c
Checking for off64_t... Yes.
Checking for fseeko... Yes.

=== ztest13026.c ===
#include <string.h>
#include <errno.h>
int main() { return strlen(strerror(errno)); }
===
gcc -O3 -D_LARGEFILE64_SOURCE=1 -o ztest13026 ztest13026.c
Checking for strerror... Yes.

=== ztest13026.c ===
#include <unistd.h>
int main() { return 0; }
===
gcc -c -O3 -D_LARGEFILE64_SOURCE=1 ztest13026.c
Checking for unistd.h... Yes.

=== ztest13026.c ===
#include <stdarg.h>
int main() { return 0; }
===
gcc -c -O3 -D_LARGEFILE64_SOURCE=1 ztest13026.c
Checking for stdarg.h... Yes.

=== ztest13026.c ===
#include <stdio.h>
#include <stdarg.h>
#include "zconf.h"
int main()
{
#ifndef STDC
  choke me
#endif
  return 0;
}
===
gcc -c -O3 -D_LARGEFILE64_SOURCE=1 ztest13026.c
Checking whether to use vs[n]printf() or s[n]printf()... using vs[n]printf().

=== ztest13026.c ===
#include <stdio.h>
#include <stdarg.h>
int mytest(const char *fmt, ...)
{
  char buf[20];
  va_list ap;
  va_start(ap, fmt);
  vsnprintf(buf, sizeof(buf), fmt, ap);
  va_end(ap);
  return 0;
}
int main()
{
  return (mytest("Hello%d\n", 1));
}
===
gcc -O3 -D_LARGEFILE64_SOURCE=1 -o ztest13026 ztest13026.c
Checking for vsnprintf() in stdio.h... Yes.

=== ztest13026.c ===
#include <stdio.h>
#include <stdarg.h>
int mytest(const char *fmt, ...)
{
  int n;
  char buf[20];
  va_list ap;
  va_start(ap, fmt);
  n = vsnprintf(buf, sizeof(buf), fmt, ap);
  va_end(ap);
  return n;
}
int main()
{
  return (mytest("Hello%d\n", 1));
}
===
gcc -c -O3 -D_LARGEFILE64_SOURCE=1 ztest13026.c
Checking for return value of vsnprintf()... Yes.

=== ztest13026.c ===
#define ZLIB_INTERNAL __attribute__((visibility ("hidden")))
int ZLIB_INTERNAL foo;
int main()
{
  return 0;
}
===
gcc -c -O3 -D_LARGEFILE64_SOURCE=1 ztest13026.c
Checking for attribute(visibility) support... Yes.

ALL = static all64
AR = ar
ARFLAGS = rc
CC = gcc
CFLAGS = -O3 -D_LARGEFILE64_SOURCE=1 -DHAVE_HIDDEN
CPP = gcc -E
EXE =
LDCONFIG = ldconfig
LDFLAGS =
LDSHARED = gcc
LDSHAREDLIBC = -lc
OBJC = $(OBJZ) $(OBJG)
PIC_OBJC = $(PIC_OBJZ) $(PIC_OBJG)
RANLIB = ranlib
SFLAGS = -O3 -fPIC -D_LARGEFILE64_SOURCE=1 -DHAVE_HIDDEN
SHAREDLIB =
SHAREDLIBM =
SHAREDLIBV =
STATICLIB = libz.a
TEST = all teststatic test64
VER = 1.2.11
Z_U4 =
SRCDIR =
exec_prefix = ${prefix}
includedir = ${prefix}/include
libdir = ${exec_prefix}/lib
mandir = ${prefix}/share/man
prefix = /usr/local
sharedlibdir = ${libdir}
uname = Linux
--------------------


--------------------
./configure --help
Wed Apr 26 23:14:53 EDT 2017
usage:
  configure [--const] [--zprefix] [--prefix=PREFIX]  [--eprefix=EXPREFIX]
    [--static] [--64] [--libdir=LIBDIR] [--sharedlibdir=LIBDIR]
    [--includedir=INCLUDEDIR] [--archs="-arch i386 -arch x86_64"]
--------------------
./configure --static
Wed Apr 26 23:15:04 EDT 2017
Checking for gcc...
=== ztest13867.c ===
extern int getchar();
int hello() {return getchar();}
===
gcc -c ztest13867.c
... using gcc

Checking for obsessive-compulsive compiler options...
=== ztest13867.c ===
int foo() { return 0; }
===
gcc -c -O3 ztest13867.c

Building static library libz.a version 1.2.11 with gcc.

=== ztest13867.c ===
#include <stdio.h>
#include <stdlib.h>
size_t dummy = 0;
===
gcc -c -O3 ztest13867.c
Checking for size_t... Yes.


=== ztest13867.c ===
#include <sys/types.h>
off64_t dummy = 0;
===
gcc -c -O3 -D_LARGEFILE64_SOURCE=1 ztest13867.c
Checking for off64_t... Yes.
Checking for fseeko... Yes.

=== ztest13867.c ===
#include <string.h>
#include <errno.h>
int main() { return strlen(strerror(errno)); }
===
gcc -O3 -D_LARGEFILE64_SOURCE=1 -o ztest13867 ztest13867.c
Checking for strerror... Yes.

=== ztest13867.c ===
#include <unistd.h>
int main() { return 0; }
===
gcc -c -O3 -D_LARGEFILE64_SOURCE=1 ztest13867.c
Checking for unistd.h... Yes.

=== ztest13867.c ===
#include <stdarg.h>
int main() { return 0; }
===
gcc -c -O3 -D_LARGEFILE64_SOURCE=1 ztest13867.c
Checking for stdarg.h... Yes.

=== ztest13867.c ===
#include <stdio.h>
#include <stdarg.h>
#include "zconf.h"
int main()
{
#ifndef STDC
  choke me
#endif
  return 0;
}
===
gcc -c -O3 -D_LARGEFILE64_SOURCE=1 ztest13867.c
Checking whether to use vs[n]printf() or s[n]printf()... using vs[n]printf().

=== ztest13867.c ===
#include <stdio.h>
#include <stdarg.h>
int mytest(const char *fmt, ...)
{
  char buf[20];
  va_list ap;
  va_start(ap, fmt);
  vsnprintf(buf, sizeof(buf), fmt, ap);
  va_end(ap);
  return 0;
}
int main()
{
  return (mytest("Hello%d\n", 1));
}
===
gcc -O3 -D_LARGEFILE64_SOURCE=1 -o ztest13867 ztest13867.c
Checking for vsnprintf() in stdio.h... Yes.

=== ztest13867.c ===
#include <stdio.h>
#include <stdarg.h>
int mytest(const char *fmt, ...)
{
  int n;
  char buf[20];
  va_list ap;
  va_start(ap, fmt);
  n = vsnprintf(buf, sizeof(buf), fmt, ap);
  va_end(ap);
  return n;
}
int main()
{
  return (mytest("Hello%d\n", 1));
}
===
gcc -c -O3 -D_LARGEFILE64_SOURCE=1 ztest13867.c
Checking for return value of vsnprintf()... Yes.

=== ztest13867.c ===
#define ZLIB_INTERNAL __attribute__((visibility ("hidden")))
int ZLIB_INTERNAL foo;
int main()
{
  return 0;
}
===
gcc -c -O3 -D_LARGEFILE64_SOURCE=1 ztest13867.c
Checking for attribute(visibility) support... Yes.

ALL = static all64
AR = ar
ARFLAGS = rc
CC = gcc
CFLAGS = -O3 -D_LARGEFILE64_SOURCE=1 -DHAVE_HIDDEN
CPP = gcc -E
EXE =
LDCONFIG = ldconfig
LDFLAGS =
LDSHARED = gcc
LDSHAREDLIBC = -lc
OBJC = $(OBJZ) $(OBJG)
PIC_OBJC = $(PIC_OBJZ) $(PIC_OBJG)
RANLIB = ranlib
SFLAGS = -O3 -fPIC -D_LARGEFILE64_SOURCE=1 -DHAVE_HIDDEN
SHAREDLIB =
SHAREDLIBM =
SHAREDLIBV =
STATICLIB = libz.a
TEST = all teststatic test64
VER = 1.2.11
Z_U4 =
SRCDIR =
exec_prefix = ${prefix}
includedir = ${prefix}/include
libdir = ${exec_prefix}/lib
mandir = ${prefix}/share/man
prefix = /usr/local
sharedlibdir = ${libdir}
uname = Linux
--------------------


--------------------
./configure --help
Wed Apr 26 23:15:48 EDT 2017
usage:
  configure [--const] [--zprefix] [--prefix=PREFIX]  [--eprefix=EXPREFIX]
    [--static] [--64] [--libdir=LIBDIR] [--sharedlibdir=LIBDIR]
    [--includedir=INCLUDEDIR] [--archs="-arch i386 -arch x86_64"]
--------------------
./configure --libdir=..
Wed Apr 26 23:16:09 EDT 2017
Checking for gcc...
=== ztest14161.c ===
extern int getchar();
int hello() {return getchar();}
===
gcc -c ztest14161.c
... using gcc

Checking for obsessive-compulsive compiler options...
=== ztest14161.c ===
int foo() { return 0; }
===
gcc -c -O3 ztest14161.c

Checking for shared library support...
=== ztest14161.c ===
extern int getchar();
int hello() {return getchar();}
===
gcc -w -c -O3 -fPIC ztest14161.c
gcc -shared -Wl,-soname,libz.so.1,--version-script,zlib.map -O3 -fPIC -o ztest14161.so ztest14161.o
Building shared library libz.so.1.2.11 with gcc.

=== ztest14161.c ===
#include <stdio.h>
#include <stdlib.h>
size_t dummy = 0;
===
gcc -c -O3 ztest14161.c
Checking for size_t... Yes.


=== ztest14161.c ===
#include <sys/types.h>
off64_t dummy = 0;
===
gcc -c -O3 -D_LARGEFILE64_SOURCE=1 ztest14161.c
Checking for off64_t... Yes.
Checking for fseeko... Yes.

=== ztest14161.c ===
#include <string.h>
#include <errno.h>
int main() { return strlen(strerror(errno)); }
===
gcc -O3 -D_LARGEFILE64_SOURCE=1 -o ztest14161 ztest14161.c
Checking for strerror... Yes.

=== ztest14161.c ===
#include <unistd.h>
int main() { return 0; }
===
gcc -c -O3 -D_LARGEFILE64_SOURCE=1 ztest14161.c
Checking for unistd.h... Yes.

=== ztest14161.c ===
#include <stdarg.h>
int main() { return 0; }
===
gcc -c -O3 -D_LARGEFILE64_SOURCE=1 ztest14161.c
Checking for stdarg.h... Yes.

=== ztest14161.c ===
#include <stdio.h>
#include <stdarg.h>
#include "zconf.h"
int main()
{
#ifndef STDC
  choke me
#endif
  return 0;
}
===
gcc -c -O3 -D_LARGEFILE64_SOURCE=1 ztest14161.c
Checking whether to use vs[n]printf() or s[n]printf()... using vs[n]printf().

=== ztest14161.c ===
#include <stdio.h>
#include <stdarg.h>
int mytest(const char *fmt, ...)
{
  char buf[20];
  va_list ap;
  va_start(ap, fmt);
  vsnprintf(buf, sizeof(buf), fmt, ap);
  va_end(ap);
  return 0;
}
int main()
{
  return (mytest("Hello%d\n", 1));
}
===
gcc -O3 -D_LARGEFILE64_SOURCE=1 -o ztest14161 ztest14161.c
Checking for vsnprintf() in stdio.h... Yes.

=== ztest14161.c ===
#include <stdio.h>
#include <stdarg.h>
int mytest(const char *fmt, ...)
{
  int n;
  char buf[20];
  va_list ap;
  va_start(ap, fmt);
  n = vsnprintf(buf, sizeof(buf), fmt, ap);
  va_end(ap);
  return n;
}
int main()
{
  return (mytest("Hello%d\n", 1));
}
===
gcc -c -O3 -D_LARGEFILE64_SOURCE=1 ztest14161.c
Checking for return value of vsnprintf()... Yes.

=== ztest14161.c ===
#define ZLIB_INTERNAL __attribute__((visibility ("hidden")))
int ZLIB_INTERNAL foo;
int main()
{
  return 0;
}
===
gcc -c -O3 -D_LARGEFILE64_SOURCE=1 ztest14161.c
Checking for attribute(visibility) support... Yes.

ALL = static shared all64
AR = ar
ARFLAGS = rc
CC = gcc
CFLAGS = -O3 -D_LARGEFILE64_SOURCE=1 -DHAVE_HIDDEN
CPP = gcc -E
EXE =
LDCONFIG = ldconfig
LDFLAGS =
LDSHARED = gcc -shared -Wl,-soname,libz.so.1,--version-script,zlib.map
LDSHAREDLIBC = -lc
OBJC = $(OBJZ) $(OBJG)
PIC_OBJC = $(PIC_OBJZ) $(PIC_OBJG)
RANLIB = ranlib
SFLAGS = -O3 -fPIC -D_LARGEFILE64_SOURCE=1 -DHAVE_HIDDEN
SHAREDLIB = libz.so
SHAREDLIBM = libz.so.1
SHAREDLIBV = libz.so.1.2.11
STATICLIB = libz.a
TEST = all teststatic testshared test64
VER = 1.2.11
Z_U4 =
SRCDIR =
exec_prefix = ${prefix}
includedir = ${prefix}/include
libdir = ..
mandir = ${prefix}/share/man
prefix = /usr/local
sharedlibdir = ${libdir}
uname = Linux
--------------------


--------------------
./configure --static
Wed Apr 26 23:17:31 EDT 2017
Checking for gcc...
=== ztest14595.c ===
extern int getchar();
int hello() {return getchar();}
===
gcc -c ztest14595.c
... using gcc

Checking for obsessive-compulsive compiler options...
=== ztest14595.c ===
int foo() { return 0; }
===
gcc -c -O3 ztest14595.c

Building static library libz.a version 1.2.11 with gcc.

=== ztest14595.c ===
#include <stdio.h>
#include <stdlib.h>
size_t dummy = 0;
===
gcc -c -O3 ztest14595.c
Checking for size_t... Yes.


=== ztest14595.c ===
#include <sys/types.h>
off64_t dummy = 0;
===
gcc -c -O3 -D_LARGEFILE64_SOURCE=1 ztest14595.c
Checking for off64_t... Yes.
Checking for fseeko... Yes.

=== ztest14595.c ===
#include <string.h>
#include <errno.h>
int main() { return strlen(strerror(errno)); }
===
gcc -O3 -D_LARGEFILE64_SOURCE=1 -o ztest14595 ztest14595.c
Checking for strerror... Yes.

=== ztest14595.c ===
#include <unistd.h>
int main() { return 0; }
===
gcc -c -O3 -D_LARGEFILE64_SOURCE=1 ztest14595.c
Checking for unistd.h... Yes.

=== ztest14595.c ===
#include <stdarg.h>
int main() { return 0; }
===
gcc -c -O3 -D_LARGEFILE64_SOURCE=1 ztest14595.c
Checking for stdarg.h... Yes.

=== ztest14595.c ===
#include <stdio.h>
#include <stdarg.h>
#include "zconf.h"
int main()
{
#ifndef STDC
  choke me
#endif
  return 0;
}
===
gcc -c -O3 -D_LARGEFILE64_SOURCE=1 ztest14595.c
Checking whether to use vs[n]printf() or s[n]printf()... using vs[n]printf().

=== ztest14595.c ===
#include <stdio.h>
#include <stdarg.h>
int mytest(const char *fmt, ...)
{
  char buf[20];
  va_list ap;
  va_start(ap, fmt);
  vsnprintf(buf, sizeof(buf), fmt, ap);
  va_end(ap);
  return 0;
}
int main()
{
  return (mytest("Hello%d\n", 1));
}
===
gcc -O3 -D_LARGEFILE64_SOURCE=1 -o ztest14595 ztest14595.c
Checking for vsnprintf() in stdio.h... Yes.

=== ztest14595.c ===
#include <stdio.h>
#include <stdarg.h>
int mytest(const char *fmt, ...)
{
  int n;
  char buf[20];
  va_list ap;
  va_start(ap, fmt);
  n = vsnprintf(buf, sizeof(buf), fmt, ap);
  va_end(ap);
  return n;
}
int main()
{
  return (mytest("Hello%d\n", 1));
}
===
gcc -c -O3 -D_LARGEFILE64_SOURCE=1 ztest14595.c
Checking for return value of vsnprintf()... Yes.

=== ztest14595.c ===
#define ZLIB_INTERNAL __attribute__((visibility ("hidden")))
int ZLIB_INTERNAL foo;
int main()
{
  return 0;
}
===
gcc -c -O3 -D_LARGEFILE64_SOURCE=1 ztest14595.c
Checking for attribute(visibility) support... Yes.

ALL = static all64
AR = ar
ARFLAGS = rc
CC = gcc
CFLAGS = -O3 -D_LARGEFILE64_SOURCE=1 -DHAVE_HIDDEN
CPP = gcc -E
EXE =
LDCONFIG = ldconfig
LDFLAGS =
LDSHARED = gcc
LDSHAREDLIBC = -lc
OBJC = $(OBJZ) $(OBJG)
PIC_OBJC = $(PIC_OBJZ) $(PIC_OBJG)
RANLIB = ranlib
SFLAGS = -O3 -fPIC -D_LARGEFILE64_SOURCE=1 -DHAVE_HIDDEN
SHAREDLIB =
SHAREDLIBM =
SHAREDLIBV =
STATICLIB = libz.a
TEST = all teststatic test64
VER = 1.2.11
Z_U4 =
SRCDIR =
exec_prefix = ${prefix}
includedir = ${prefix}/include
libdir = ${exec_prefix}/lib
mandir = ${prefix}/share/man
prefix = /usr/local
sharedlibdir = ${libdir}
uname = Linux
--------------------


